<?xml version="1.0" encoding="utf-8"?><testsuites name="pytest tests"><testsuite name="pytest" errors="0" failures="0" skipped="0" tests="21" time="6.551" timestamp="2026-03-13T11:13:25.452281+00:00" hostname="agent-env-1516e7d4-bdf4-413e-b8d6-bc79e6e8d78a"><testcase classname="backend.tests.test_microlearning_api.TestHealthAndBasics" name="test_categories_endpoint" time="0.206" /><testcase classname="backend.tests.test_microlearning_api.TestHealthAndBasics" name="test_lessons_endpoint" time="0.156" /><testcase classname="backend.tests.test_microlearning_api.TestAuthentication" name="test_login_success" time="0.359" /><testcase classname="backend.tests.test_microlearning_api.TestAuthentication" name="test_login_invalid_credentials" time="0.103" /><testcase classname="backend.tests.test_microlearning_api.TestAuthentication" name="test_auth_me_requires_auth" time="0.107" /><testcase classname="backend.tests.test_microlearning_api.TestAuthenticatedEndpoints" name="test_auth_me" time="0.381" /><testcase classname="backend.tests.test_microlearning_api.TestAuthenticatedEndpoints" name="test_user_stats" time="0.395" /><testcase classname="backend.tests.test_microlearning_api.TestAuthenticatedEndpoints" name="test_recommendations" time="0.412" /><testcase classname="backend.tests.test_microlearning_api.TestAuthenticatedEndpoints" name="test_progress" time="0.394" /><testcase classname="backend.tests.test_microlearning_api.TestAuthenticatedEndpoints" name="test_favorites" time="0.407" /><testcase classname="backend.tests.test_microlearning_api.TestAuthenticatedEndpoints" name="test_gamification" time="0.386" /><testcase classname="backend.tests.test_microlearning_api.TestAuthenticatedEndpoints" name="test_user_settings_get" time="0.382" /><testcase classname="backend.tests.test_microlearning_api.TestAuthenticatedEndpoints" name="test_user_settings_put" time="0.445" /><testcase classname="backend.tests.test_microlearning_api.TestLessonDetail" name="test_get_specific_lesson" time="0.690" /><testcase classname="backend.tests.test_microlearning_api.TestLessonDetail" name="test_lesson_has_quiz" time="0.113" /><testcase classname="backend.tests.test_microlearning_api.TestLessonDetail" name="test_lesson_has_resources" time="0.117" /><testcase classname="backend.tests.test_microlearning_api.TestLessonDetail" name="test_lesson_has_insights" time="0.119" /><testcase classname="backend.tests.test_microlearning_api.TestFavoriteOperations" name="test_favorite_toggle" time="0.557" /><testcase classname="backend.tests.test_microlearning_api.TestProgressOperations" name="test_progress_update" time="0.501" /><testcase classname="backend.tests.test_microlearning_api.TestGamificationEndpoints" name="test_leaderboard" time="0.128" /><testcase classname="backend.tests.test_microlearning_api.TestGamificationEndpoints" name="test_badges" time="0.106" /></testsuite></testsuites>